[11:56:37] [Server thread/INFO]: Starting minecraft server version 1.12.2
[11:56:37] [Server thread/INFO]: Loading properties
[11:56:37] [Server thread/INFO]: Default game type: CREATIVE
[11:56:37] [Server thread/INFO]: This server is running CraftBukkit version git-Spigot-dcd1643-e60fc34 (MC: 1.12.2) (Implementing API version 1.12.2-R0.1-SNAPSHOT)
[11:56:37] [Server thread/INFO]: Server Ping Player Sample Count: 12
[11:56:37] [Server thread/INFO]: Using 4 threads for Netty based IO
[11:56:37] [Server thread/INFO]: Debug logging is disabled
[11:56:37] [Server thread/INFO]: Generating keypair
[11:56:38] [Server thread/INFO]: Starting Minecraft server on localhost:25565
[11:56:38] [Server thread/INFO]: Using epoll channel type
[11:56:38] [Server thread/INFO]: Set PluginClassLoader as parallel capable
[11:56:38] [Server thread/INFO]: [PermissionsEx] Loading PermissionsEx v1.23.4
[11:56:38] [Server thread/WARN]: [PermissionsEx] This server is in offline mode. Unless this server is configured to integrate with a supported proxy (see http://dft.ba/-8ous), UUIDs *may not be stable*!
[11:56:38] [Server thread/INFO]: [CrackShot] Loading CrackShot v0.98.9
[11:56:38] [Server thread/INFO]: [BattleRoyale] Loading BattleRoyale v1.4.2
[11:56:38] [Server thread/INFO]: [RBGuide] Loading RBGuide v0.1
[11:56:38] [Server thread/INFO]: [Effect Library] Loading EffectLib v5.1
[11:56:38] [Server thread/INFO]: [PluginConstructorAPI] Loading PluginConstructorAPI v1.0.51
[11:56:38] [Server thread/INFO]: [ServerMinimap] Loading ServerMinimap v0.7.15
[11:56:38] [Server thread/INFO]: [Vault] Loading Vault v1.7.2-b107
[11:56:38] [Server thread/INFO]: [PlaceholderAPI] Loading PlaceholderAPI v2.10.5
[11:56:38] [Server thread/INFO]: [Vehicles] Loading Vehicles v9.3.2
[11:56:38] [Server thread/INFO]: [Multiverse-Core] Loading Multiverse-Core v2.5-b719
[11:56:39] [Server thread/INFO]: [Vault] Enabling Vault v1.7.2-b107
[11:56:39] [Server thread/INFO]: [Vault] [Permission] PermissionsEx found: Waiting
[11:56:39] [Server thread/INFO]: [Vault] [Permission] SuperPermissions loaded as backup permission system.
[11:56:39] [Server thread/INFO]: [Vault] [Chat] PermissionsEx found: Waiting
[11:56:39] [Server thread/INFO]: [Vault] Enabled Version 1.7.2-b107
[11:56:39] [Server thread/WARN]: **** SERVER IS RUNNING IN OFFLINE/INSECURE MODE!
[11:56:39] [Server thread/WARN]: The server will make no attempt to authenticate usernames. Beware.
[11:56:39] [Server thread/WARN]: While this makes the game possible to play without internet access, it also opens up the ability for hackers to connect with any username they choose.
[11:56:39] [Server thread/WARN]: To change this, set "online-mode" to "true" in the server.properties file.
[11:56:39] [Server thread/INFO]: **** Beginning UUID conversion, this may take A LONG time ****
[11:56:39] [Server thread/INFO]: Preparing level "fort"
[11:56:39] [Server thread/INFO]: -------- World Settings For [fort] --------
[11:56:39] [Server thread/INFO]: Cactus Growth Modifier: 100%
[11:56:39] [Server thread/INFO]: Cane Growth Modifier: 100%
[11:56:39] [Server thread/INFO]: Melon Growth Modifier: 100%
[11:56:39] [Server thread/INFO]: Mushroom Growth Modifier: 100%
[11:56:39] [Server thread/INFO]: Pumpkin Growth Modifier: 100%
[11:56:39] [Server thread/INFO]: Sapling Growth Modifier: 100%
[11:56:39] [Server thread/INFO]: Wheat Growth Modifier: 100%
[11:56:39] [Server thread/INFO]: NetherWart Growth Modifier: 100%
[11:56:39] [Server thread/INFO]: Vine Growth Modifier: 100%
[11:56:39] [Server thread/INFO]: Cocoa Growth Modifier: 100%
[11:56:39] [Server thread/INFO]: Entity Activation Range: An 32 / Mo 32 / Mi 16 / Tiv true
[11:56:39] [Server thread/INFO]: Entity Tracking Range: Pl 48 / An 48 / Mo 48 / Mi 32 / Other 64
[11:56:39] [Server thread/INFO]: Mob Spawn Range: 4
[11:56:39] [Server thread/INFO]: Hopper Transfer: 8 Hopper Check: 1 Hopper Amount: 1
[11:56:39] [Server thread/INFO]: Random Lighting Updates: false
[11:56:39] [Server thread/INFO]: Structure Info Saving: true
[11:56:39] [Server thread/INFO]: Custom Map Seeds:  Village: 10387312 Feature: 14357617 Monument: 10387313 Slime: 987234911
[11:56:39] [Server thread/INFO]: Max TNT Explosions: 100
[11:56:39] [Server thread/INFO]: Tile Max Tick Time: 50ms Entity max Tick Time: 50ms
[11:56:39] [Server thread/INFO]: Item Merge Radius: 2.5
[11:56:39] [Server thread/INFO]: Item Despawn Rate: 6000
[11:56:39] [Server thread/INFO]: Arrow Despawn Rate: 1200
[11:56:39] [Server thread/INFO]: Allow Zombie Pigmen to spawn from portal blocks: true
[11:56:39] [Server thread/INFO]: View Distance: 10
[11:56:39] [Server thread/INFO]: Experience Merge Radius: 3.0
[11:56:39] [Server thread/INFO]: Zombie Aggressive Towards Villager: true
[11:56:39] [Server thread/INFO]: Nerfing mobs spawned from spawners: false
[11:56:40] [Server thread/INFO]: Preparing start region for level 0 (Seed: -4840434217905673489)
[11:56:41] [Server thread/INFO]: [PermissionsEx] Enabling PermissionsEx v1.23.4
[11:56:41] [Server thread/INFO]: [PermissionsEx] Initializing file backend
[11:56:41] [Server thread/INFO]: [PermissionsEx] Permissions file successfully reloaded
[11:56:41] [Server thread/INFO]: [Vault][Permission] PermissionsEx hooked.
[11:56:41] [Server thread/INFO]: [Vault] [Vault][Chat] PermissionsEx_Chat hooked.
[11:56:41] [Server thread/INFO]: [CrackShot] Enabling CrackShot v0.98.9
[11:56:41] [Server thread/INFO]: [CrackShot] Gun-mode activated. Boop!
[11:56:41] [Server thread/INFO]: [BattleRoyale] Enabling BattleRoyale v1.4.2
[11:56:41] [Server thread/INFO]: loading yml files!
[11:56:42] [Server thread/INFO]: yml files load successull !
[11:56:42] [Server thread/INFO]: BattleRoyale >> loading arena: Main
[11:56:42] [Server thread/INFO]: BattleRoyale >> Arena: Main loaded!
[11:56:42] [Server thread/INFO]: [RBGuide] Enabling RBGuide v0.1
[11:56:42] [Server thread/INFO]: [RBGuide] looox!
[11:56:42] [Server thread/INFO]: Ip  state change command 
[11:56:42] [Thread-8/ERROR]: [PermissionsEx] The updater could not contact dev.bukkit.org for updating.
[11:56:42] [Thread-8/ERROR]: [PermissionsEx] If you have not recently modified your configuration and this is the first time you are seeing this message, the site may be experiencing temporary downtime.
[11:56:42] [Thread-8/ERROR]: [PermissionsEx] null
java.io.IOException: Server returned HTTP response code: 503 for URL: https://api.curseforge.com/servermods/files?projectIds=31279
	at sun.net.www.protocol.http.HttpURLConnection.getInputStream0(HttpURLConnection.java:1900) ~[?:1.8.0_242]
	at sun.net.www.protocol.http.HttpURLConnection.getInputStream(HttpURLConnection.java:1498) ~[?:1.8.0_242]
	at sun.net.www.protocol.https.HttpsURLConnectionImpl.getInputStream(HttpsURLConnectionImpl.java:268) ~[?:1.8.0_242]
	at ru.tehkode.libs.net.gravitydevelopment.updater.Updater.read(Updater.java:643) [permissionsex-1_8-1_13.jar:?]
	at ru.tehkode.libs.net.gravitydevelopment.updater.Updater.runUpdater(Updater.java:718) [permissionsex-1_8-1_13.jar:?]
	at ru.tehkode.libs.net.gravitydevelopment.updater.Updater.access$100(Updater.java:36) [permissionsex-1_8-1_13.jar:?]
	at ru.tehkode.libs.net.gravitydevelopment.updater.Updater$UpdateRunnable.run(Updater.java:713) [permissionsex-1_8-1_13.jar:?]
	at java.lang.Thread.run(Thread.java:748) [?:1.8.0_242]
[11:56:42] [Server thread/INFO]: {"status":"Ok"}

[11:56:42] [Server thread/INFO]: [Effect Library] Enabling EffectLib v5.1
[11:56:42] [Server thread/INFO]: [PluginConstructorAPI] Enabling PluginConstructorAPI v1.0.51
[11:56:42] [Server thread/INFO]: [ServerMinimap] Enabling ServerMinimap v0.7.15
[11:56:42] [Server thread/INFO]: [ServerMinimap] Created Minimap with ID 0. Use /give <name> MAP 1 0 to get the map as item. (Vanilla command)
[11:56:42] [Server thread/INFO]: [ServerMinimap] Alternative command: /minimap (Plugin command)
[11:56:42] [Server thread/INFO]: [PlaceholderAPI] Enabling PlaceholderAPI v2.10.5
[11:56:43] [Server thread/INFO]: [PlaceholderAPI] Fetching available expansion information...
[11:56:43] [Server thread/INFO]: [Vehicles] Enabling Vehicles v9.3.2
[11:56:44] [Server thread/INFO]: Vehicles >> lang.yml loaded.
[11:56:44] [Server thread/INFO]: [Multiverse-Core] Enabling Multiverse-Core v2.5-b719
[11:56:44] [Server thread/INFO]: -------- World Settings For [Mainclone] --------
[11:56:44] [Server thread/INFO]: Cactus Growth Modifier: 100%
[11:56:44] [Server thread/INFO]: Cane Growth Modifier: 100%
[11:56:44] [Server thread/INFO]: Melon Growth Modifier: 100%
[11:56:44] [Server thread/INFO]: Mushroom Growth Modifier: 100%
[11:56:44] [Server thread/INFO]: Pumpkin Growth Modifier: 100%
[11:56:44] [Server thread/INFO]: Sapling Growth Modifier: 100%
[11:56:44] [Server thread/INFO]: Wheat Growth Modifier: 100%
[11:56:44] [Server thread/INFO]: NetherWart Growth Modifier: 100%
[11:56:44] [Server thread/INFO]: Vine Growth Modifier: 100%
[11:56:44] [Server thread/INFO]: Cocoa Growth Modifier: 100%
[11:56:44] [Server thread/INFO]: Entity Activation Range: An 32 / Mo 32 / Mi 16 / Tiv true
[11:56:44] [Server thread/INFO]: Entity Tracking Range: Pl 48 / An 48 / Mo 48 / Mi 32 / Other 64
[11:56:44] [Server thread/INFO]: Mob Spawn Range: 4
[11:56:44] [Server thread/INFO]: Hopper Transfer: 8 Hopper Check: 1 Hopper Amount: 1
[11:56:44] [Server thread/INFO]: Random Lighting Updates: false
[11:56:44] [Server thread/INFO]: Structure Info Saving: true
[11:56:44] [Server thread/INFO]: Custom Map Seeds:  Village: 10387312 Feature: 14357617 Monument: 10387313 Slime: 987234911
[11:56:44] [Server thread/INFO]: Max TNT Explosions: 100
[11:56:44] [Server thread/INFO]: Tile Max Tick Time: 50ms Entity max Tick Time: 50ms
[11:56:44] [Server thread/INFO]: Item Merge Radius: 2.5
[11:56:44] [Server thread/INFO]: Item Despawn Rate: 6000
[11:56:45] [Server thread/INFO]: Arrow Despawn Rate: 1200
[11:56:45] [Server thread/INFO]: Allow Zombie Pigmen to spawn from portal blocks: true
[11:56:45] [Server thread/INFO]: View Distance: 10
[11:56:45] [Server thread/INFO]: Experience Merge Radius: 3.0
[11:56:45] [Server thread/INFO]: Zombie Aggressive Towards Villager: true
[11:56:45] [Server thread/INFO]: Nerfing mobs spawned from spawners: false
[11:56:45] [Server thread/INFO]: Preparing start region for level 1 (Seed: 227290)
[11:56:46] [Server thread/INFO]: -------- World Settings For [Main] --------
[11:56:46] [Server thread/INFO]: Cactus Growth Modifier: 100%
[11:56:46] [Server thread/INFO]: Cane Growth Modifier: 100%
[11:56:46] [Server thread/INFO]: Melon Growth Modifier: 100%
[11:56:46] [Server thread/INFO]: Mushroom Growth Modifier: 100%
[11:56:46] [Server thread/INFO]: Pumpkin Growth Modifier: 100%
[11:56:46] [Server thread/INFO]: Sapling Growth Modifier: 100%
[11:56:46] [Server thread/INFO]: Wheat Growth Modifier: 100%
[11:56:46] [Server thread/INFO]: NetherWart Growth Modifier: 100%
[11:56:46] [Server thread/INFO]: Vine Growth Modifier: 100%
[11:56:46] [Server thread/INFO]: Cocoa Growth Modifier: 100%
[11:56:46] [Server thread/INFO]: Entity Activation Range: An 32 / Mo 32 / Mi 16 / Tiv true
[11:56:46] [Server thread/INFO]: Entity Tracking Range: Pl 48 / An 48 / Mo 48 / Mi 32 / Other 64
[11:56:46] [Server thread/INFO]: Mob Spawn Range: 4
[11:56:46] [Server thread/INFO]: Hopper Transfer: 8 Hopper Check: 1 Hopper Amount: 1
[11:56:46] [Server thread/INFO]: Random Lighting Updates: false
[11:56:46] [Server thread/INFO]: Structure Info Saving: true
[11:56:46] [Server thread/INFO]: Custom Map Seeds:  Village: 10387312 Feature: 14357617 Monument: 10387313 Slime: 987234911
[11:56:46] [Server thread/INFO]: Max TNT Explosions: 100
[11:56:46] [Server thread/INFO]: Tile Max Tick Time: 50ms Entity max Tick Time: 50ms
[11:56:46] [Server thread/INFO]: Item Merge Radius: 2.5
[11:56:46] [Server thread/INFO]: Item Despawn Rate: 6000
[11:56:46] [Server thread/INFO]: Arrow Despawn Rate: 1200
[11:56:46] [Server thread/INFO]: Allow Zombie Pigmen to spawn from portal blocks: true
[11:56:46] [Server thread/INFO]: View Distance: 10
[11:56:46] [Server thread/INFO]: Experience Merge Radius: 3.0
[11:56:46] [Server thread/INFO]: Zombie Aggressive Towards Villager: true
[11:56:46] [Server thread/INFO]: Nerfing mobs spawned from spawners: false
[11:56:46] [Server thread/INFO]: Preparing start region for level 2 (Seed: 227290)
[11:56:46] [Server thread/INFO]: [Multiverse-Core] 3 - World(s) loaded.
[11:56:47] [Server thread/INFO]: [Multiverse-Core] Version 2.5-b719 (API v20) Enabled - By Rigby, fernferret, lithium3141 and main--
[11:56:47] [Server thread/INFO]: Done (8.466s)! For help, type "help" or "?"
[11:56:47] [Server thread/INFO]: Vehicles >> Vault Economy not found, disabling shop.
[11:56:47] [Server thread/INFO]: [PlaceholderAPI] Placeholder expansion registration initializing...
[11:56:48] [Server thread/INFO]: [PlaceholderAPI] Successfully registered expansion: server
[11:56:48] [Server thread/INFO]: [PlaceholderAPI] Successfully registered expansion: player
[11:56:48] [Craft Scheduler Thread - 0/INFO]: [Vault] Checking for Updates ... 
[11:56:48] [Craft Scheduler Thread - 0/INFO]: [Vault] There was an issue attempting to check for the latest version.
[11:56:48] [Craft Scheduler Thread - 0/INFO]: [Vault] No new version available
[11:56:50] [Craft Scheduler Thread - 3/INFO]: [PlaceholderAPI] 171 placeholder expansions are available on the cloud.
[11:56:51] [Server thread/INFO]: 0 entities purged from the world 'Mainclone' along with 0 projectiles that belonged to them.[m
[11:56:51] [Server thread/INFO]: 0 entities purged from the world 'fort' along with 0 projectiles that belonged to them.[m
[11:56:51] [Server thread/INFO]: 0 entities purged from the world 'Main' along with 0 projectiles that belonged to them.[m
[11:56:51] [Server thread/INFO]: [0;32;1mSuccess![0;37;1m Property [0;36;1mmonsters[0;37;1m was set to [0;32;1mfalse[m
[11:56:51] [Server thread/INFO]: [0;32;1mSuccess![0;37;1m Property [0;36;1mdiff[0;37;1m was set to [0;32;1mpeaceful[m
[11:56:51] [Server thread/INFO]: [0;32;1mSuccess![0;37;1m Property [0;36;1mmonsters[0;37;1m was set to [0;32;1mfalse[m
[11:56:52] [Server thread/INFO]: [0;32;1mSuccess![0;37;1m Property [0;36;1mdiff[0;37;1m was set to [0;32;1mpeaceful[m
[11:56:52] [Server thread/INFO]: [0;32;1mSuccess![0;37;1m Property [0;36;1mmonsters[0;37;1m was set to [0;32;1mfalse[m
[11:56:52] [Server thread/INFO]: [0;32;1mSuccess![0;37;1m Property [0;36;1mdiff[0;37;1m was set to [0;32;1mpeaceful[m
[11:57:14] [Server thread/INFO]: Stopping the server
[11:57:14] [Server thread/INFO]: Stopping server
[11:57:14] [Server thread/INFO]: [Multiverse-Core] Disabling Multiverse-Core v2.5-b719
[11:57:14] [Server thread/INFO]: [Vehicles] Disabling Vehicles v9.3.2
[11:57:14] [Server thread/INFO]: [PlaceholderAPI] Disabling PlaceholderAPI v2.10.5
[11:57:14] [Server thread/INFO]: [Vault] Disabling Vault v1.7.2-b107
[11:57:14] [Server thread/INFO]: [ServerMinimap] Disabling ServerMinimap v0.7.15
[11:57:14] [Server thread/INFO]: [PluginConstructorAPI] Disabling PluginConstructorAPI v1.0.51
[11:57:14] [Server thread/INFO]: [Effect Library] Disabling EffectLib v5.1
[11:57:14] [Server thread/INFO]: [RBGuide] Disabling RBGuide v0.1
[11:57:14] [Server thread/INFO]: Ip  state change command 
[11:57:15] [Server thread/INFO]: {"status":"Ok"}

[11:57:15] [Server thread/INFO]: [BattleRoyale] Disabling BattleRoyale v1.4.2
[11:57:15] [Server thread/INFO]: [CrackShot] Disabling CrackShot v0.98.9
[11:57:15] [Server thread/INFO]: [PermissionsEx] Disabling PermissionsEx v1.23.4
[11:57:15] [Server thread/INFO]: Saving players
[11:57:15] [Server thread/INFO]: Saving worlds
[11:57:15] [Server thread/INFO]: Saving chunks for level 'fort'/overworld
[11:57:15] [Server thread/INFO]: Saving chunks for level 'Mainclone'/overworld
[11:57:15] [Server thread/INFO]: Saving chunks for level 'Main'/overworld
